<?xml version="1.0" encoding="UTF-8"?>
<testng-results ignored="0" total="1" passed="1" failed="0" skipped="0">
  <reporter-output>
  </reporter-output>
  <suite started-at="2024-02-12T15:12:11 IST" name="Suite" finished-at="2024-02-12T15:13:17 IST" duration-ms="66008">
    <groups>
    </groups>
    <test started-at="2024-02-12T15:12:11 IST" name="Test" finished-at="2024-02-12T15:13:17 IST" duration-ms="66008">
      <class name="testcase.TestCase1">
        <test-method is-config="true" signature="beforeTestMethod()[pri:0, instance:testcase.TestCase1@45752059]" started-at="2024-02-12T15:12:11 IST" name="beforeTestMethod" finished-at="2024-02-12T15:12:12 IST" duration-ms="512" status="PASS">
          <reporter-output>
          </reporter-output>
        </test-method> <!-- beforeTestMethod -->
        <test-method is-config="true" signature="beforeMethodMethod(java.lang.String,java.lang.reflect.Method)[pri:0, instance:testcase.TestCase1@45752059]" started-at="2024-02-12T15:12:12 IST" name="beforeMethodMethod" finished-at="2024-02-12T15:12:22 IST" duration-ms="9988" status="PASS">
          <params>
            <param index="0">
              <value>
                <![CDATA[chrome]]>
              </value>
            </param>
            <param index="1">
              <value>
                <![CDATA[public void testcase.TestCase1.login_test() throws java.lang.InterruptedException]]>
              </value>
            </param>
          </params>
          <reporter-output>
          </reporter-output>
        </test-method> <!-- beforeMethodMethod -->
        <test-method signature="login_test()[pri:0, instance:testcase.TestCase1@45752059]" started-at="2024-02-12T15:12:22 IST" name="login_test" finished-at="2024-02-12T15:13:16 IST" duration-ms="54158" status="PASS">
          <reporter-output>
          </reporter-output>
        </test-method> <!-- login_test -->
        <test-method is-config="true" signature="afterMethod(org.testng.ITestResult)[pri:0, instance:testcase.TestCase1@45752059]" started-at="2024-02-12T15:13:16 IST" name="afterMethod" finished-at="2024-02-12T15:13:16 IST" duration-ms="409" status="PASS">
          <params>
            <param index="0">
              <value>
                <![CDATA[[TestResult name=login_test status=SUCCESS method=TestCase1.login_test()[pri:0, instance:testcase.TestCase1@45752059] output={null}]]]>
              </value>
            </param>
          </params>
          <reporter-output>
          </reporter-output>
        </test-method> <!-- afterMethod -->
        <test-method is-config="true" signature="afterTest()[pri:0, instance:testcase.TestCase1@45752059]" started-at="2024-02-12T15:13:16 IST" name="afterTest" finished-at="2024-02-12T15:13:17 IST" duration-ms="866" status="PASS">
          <reporter-output>
          </reporter-output>
        </test-method> <!-- afterTest -->
      </class> <!-- testcase.TestCase1 -->
    </test> <!-- Test -->
  </suite> <!-- Suite -->
</testng-results>
